
ROM used: 188 (2%)
          188 (2%) including unused fragments

          0 Average locations per line
          7 Average locations per statement

RAM used: 16 (4%) at main() level
          17 (5%) worst case

Stack used: 2 worst case (out of 6 total available)

Lines Stmts  %   Files
----- ----- ---  -----
   47    26 100  main.c
   17     0   0  main.h
  313     0   0  C:\Program Files (x86)\PICC\devices\16F877A.h
----- -----
  377    26 Total

Page ROM  %  RAM   Vol Diff  Functions:
---- --- --- ---   --- ----  ----------
0     21  11   1             @delay_ms1
0     27  14   0   231  3.2  kesme
0     89  47   0   362  2.8  MAIN

Program metrics:
    Functions               2
    Statements              26
    Comments                75
    Volume (V)              707
    Difficilty (D)          5.9
    Effort to implement (E) 4201
    Time to implement (T)   4 minutes
    Est Delivered Bugs (B)  0
    Cyclomatic Complexity   1
    Maintainability (MI)    96

 Segment     Used  Free
-----------  ----  ----
00000-00003     4  0  
00004-00032    47  0  
00033-007FF   137  1860  
00800-00FFF     0  2048  
01000-017FF     0  2048  
01800-01FFF     0  2048  



