
ROM used: 1003 (12%)
          1003 (12%) including unused fragments

          2 Average locations per line
          12 Average locations per statement

RAM used: 13 (4%) at main() level
          39 (11%) worst case

Stack used: 5 worst case (out of 8 total available)

Lines Stmts  %   Files
----- ----- ---  -----
   46    19  23  adc.c
  313     0   0  C:\Program Files (x86)\PICC\devices\16f877a.h
  180    63  77  C:\Program Files (x86)\PICC\drivers\lcd.c
----- -----
  539    82 Total

Page ROM  %  RAM   Vol Diff  Functions:
---- --- --- ---   --- ----  ----------
0     21   2   1             @delay_ms1
0      8   1   0             @const64
 Inline        3   463  4.3  lcd_read_byte
0     12   1   1   134  2.2  lcd_send_nibble
0     58   6   3   317  4.3  lcd_send_byte
0     44   4   2   422  4.7  lcd_init
0     18   2   4   186  5.5  lcd_gotoxy
0     37   4   1   272  4.1  lcd_putc
0    175  17   1   516  3.2  MAIN
0     23   2   0             @const94
0     21   2   0             @const95
0     31   3   2             @ITOF
0    117  12  13             @MULFF
0     17   2   0             @const101
0    101  10   9             @PRINTF_LU_84
0     17   2   0             @const104
 Inline        5             @FTOSD
0     66   7  13             @DIV3232
0    233  23  13             @PRINTF_L32D_84FPFPF

Program metrics:
    Functions               7
    Statements              82
    Comments                128
    Volume (V)              3513
    Difficilty (D)          26.7
    Effort to implement (E) 93615
    Time to implement (T)   1 hours, 27 minutes
    Est Delivered Bugs (B)  1
    Cyclomatic Complexity   7
    Maintainability (MI)    115

 Segment     Used  Free
-----------  ----  ----
00000-00003     4  0  
00004-007FF   999  1045  
00800-00FFF     0  2048  
01000-017FF     0  2048  
01800-01FFF     0  2048  



