
ROM used: 104 (1%)
          104 (1%) including unused fragments

          0 Average locations per line
          6 Average locations per statement

RAM used: 7 (2%) at main() level
          7 (2%) worst case

Stack used: 0 worst case (out of 8 total available)

Lines Stmts  %   Files
----- ----- ---  -----
   33    17 100  main.c
   17     0   0  main.h
  313     0   0  C:\Program Files (x86)\PICC\devices\16F877A.h
----- -----
  363    17 Total

Page ROM  %  RAM   Vol Diff  Functions:
---- --- --- ---   --- ----  ----------
0    100  96   0   404  3.8  main

Program metrics:
    Functions               1
    Statements              17
    Comments                75
    Volume (V)              404
    Difficilty (D)          3.8
    Effort to implement (E) 1526
    Time to implement (T)   1 minutes
    Est Delivered Bugs (B)  0
    Cyclomatic Complexity   1
    Maintainability (MI)    131

 Segment     Used  Free
-----------  ----  ----
00000-00003     4  0  
00004-007FF   100  1944  
00800-00FFF     0  2048  
01000-017FF     0  2048  
01800-01FFF     0  2048  



