CCS PCM C Compiler, Version 4.074, 49549               06-Eki-12 14:28

               Filename: E:\DONANIM_PROJE\PÝC C\13\rf alýcý _verici_rs232 kullanarak\kod\alýcý.lst

               ROM used: 106 words (1%)
                         Largest free fragment is 2048
               RAM used: 9 (2%) at main() level
                         9 (2%) worst case
               Stack:    1 locations

*
0000:  MOVLW  00
0001:  MOVWF  0A
0002:  GOTO   038
0003:  NOP
.................... #include <16f877a.h> 
.................... //////// Standard Header file for the PIC16F877A device //////////////// 
.................... #device PIC16F877A 
.................... #list 
....................  
.................... #fuses xt,nowrt,nowdt,nobrownout,nolvp,nocpd,nodebug,noprotect,noput 
.................... #use delay(clock=4M) 
.................... #use rs232(baud=600,parity=N,rcv=pin_c7,bits=8) 
*
0004:  MOVF   04,W
0005:  MOVWF  78
0006:  BSF    20.7
0007:  MOVF   20,W
0008:  BSF    03.5
0009:  MOVWF  07
000A:  BCF    03.5
000B:  BTFSC  07.7
000C:  GOTO   00B
000D:  MOVLW  08
000E:  MOVWF  77
000F:  CLRF   22
0010:  BSF    77.7
0011:  GOTO   022
0012:  BCF    77.7
0013:  GOTO   022
0014:  BCF    03.0
0015:  BTFSC  07.7
0016:  BSF    03.0
0017:  RRF    22,F
0018:  BSF    77.6
0019:  GOTO   022
001A:  BCF    77.6
001B:  DECFSZ 77,F
001C:  GOTO   014
001D:  MOVF   78,W
001E:  MOVWF  04
001F:  MOVF   22,W
0020:  MOVWF  78
0021:  GOTO   037
0022:  MOVLW  02
0023:  MOVWF  04
0024:  MOVLW  00
0025:  BTFSC  77.7
0026:  MOVLW  55
0027:  MOVWF  78
0028:  DECFSZ 78,F
0029:  GOTO   028
002A:  DECFSZ 04,F
002B:  GOTO   024
002C:  MOVLW  21
002D:  BTFSC  77.7
002E:  MOVLW  09
002F:  MOVWF  78
0030:  DECFSZ 78,F
0031:  GOTO   030
0032:  BTFSC  77.7
0033:  GOTO   012
0034:  BTFSC  77.6
0035:  GOTO   01A
0036:  GOTO   014
0037:  RETLW  00
....................  
.................... char e; 
....................  
.................... void main() 
.................... { 
0038:  CLRF   04
0039:  BCF    03.7
003A:  MOVLW  1F
003B:  ANDWF  03,F
003C:  BSF    03.5
003D:  BCF    05.0
003E:  BCF    03.5
003F:  BSF    05.0
0040:  BSF    03.5
0041:  BSF    1F.0
0042:  BSF    1F.1
0043:  BSF    1F.2
0044:  BCF    1F.3
0045:  MOVLW  07
0046:  MOVWF  1C
.................... set_tris_b(0x00); 
*
004A:  MOVLW  00
004B:  BSF    03.5
004C:  MOVWF  06
.................... output_b(0x00); 
004D:  CLRF   06
004E:  BCF    03.5
004F:  CLRF   06
.................... while(1) 
.................... { 
.................... if(getch()=='X') 
0050:  CALL   004
0051:  MOVF   78,W
0052:  SUBLW  58
0053:  BTFSS  03.2
0054:  GOTO   068
.................... { 
.................... e=getch(); 
0055:  CALL   004
0056:  MOVF   78,W
0057:  MOVWF  21
.................... if(e=='A') 
0058:  MOVF   21,W
0059:  SUBLW  41
005A:  BTFSS  03.2
005B:  GOTO   060
.................... { 
.................... output_high(pin_B0); 
005C:  BSF    03.5
005D:  BCF    06.0
005E:  BCF    03.5
005F:  BSF    06.0
.................... } 
.................... if(e=='B') 
0060:  MOVF   21,W
0061:  SUBLW  42
0062:  BTFSS  03.2
0063:  GOTO   068
.................... { 
.................... output_low(pin_b0); 
0064:  BSF    03.5
0065:  BCF    06.0
0066:  BCF    03.5
0067:  BCF    06.0
.................... } 
.................... } 
.................... } 
0068:  GOTO   050
.................... } 
0069:  SLEEP

Configuration Fuses:
   Word  1: 3F39   XT NOWDT NOPUT NODEBUG NOPROTECT NOBROWNOUT NOLVP NOCPD NOWRT
