
ROM used: 106 (1%)
          106 (1%) including unused fragments

          0 Average locations per line
          8 Average locations per statement

RAM used: 9 (2%) at main() level
          9 (2%) worst case

Stack used: 1 worst case (out of 8 total available)

Lines Stmts  %   Files
----- ----- ---  -----
   28    13 100  alýcý.c
  313     0   0  C:\Program Files (x86)\PICC\devices\16f877a.h
----- -----
  341    13 Total

Page ROM  %  RAM   Vol Diff  Functions:
---- --- --- ---   --- ----  ----------
0     52  49   1             @GETCH_1_
0     50  47   1   216  3.1  main

Program metrics:
    Functions               1
    Statements              13
    Comments                75
    Volume (V)              219
    Difficilty (D)          3.0
    Effort to implement (E) 651
    Time to implement (T)   1 minutes
    Est Delivered Bugs (B)  0
    Cyclomatic Complexity   3
    Maintainability (MI)    138

 Segment     Used  Free
-----------  ----  ----
00000-00003     4  0  
00004-007FF   102  1942  
00800-00FFF     0  2048  
01000-017FF     0  2048  
01800-01FFF     0  2048  



