
ROM used: 89 (1%)
          89 (1%) including unused fragments

          0 Average locations per line
          6 Average locations per statement

RAM used: 7 (2%) at main() level
          8 (2%) worst case

Stack used: 1 worst case (out of 8 total available)

Lines Stmts  %   Files
----- ----- ---  -----
   34    15 100  verici.c
  313     0   0  C:\Program Files (x86)\PICC\devices\16f877a.h
----- -----
  347    15 Total

Page ROM  %  RAM   Vol Diff  Functions:
---- --- --- ---   --- ----  ----------
0     21  24   1             @delay_ms1
0     64  72   0   275  3.2  main

Program metrics:
    Functions               1
    Statements              15
    Comments                75
    Volume (V)              277
    Difficilty (D)          3.1
    Effort to implement (E) 859
    Time to implement (T)   1 minutes
    Est Delivered Bugs (B)  0
    Cyclomatic Complexity   2
    Maintainability (MI)    135

 Segment     Used  Free
-----------  ----  ----
00000-00003     4  0  
00004-007FF    85  1959  
00800-00FFF     0  2048  
01000-017FF     0  2048  
01800-01FFF     0  2048  



