
ROM used: 158 (2%)
          158 (2%) including unused fragments

          0 Average locations per line
          7 Average locations per statement

RAM used: 16 (4%) at main() level
          16 (4%) worst case

Stack used: 1 worst case (out of 7 total available)

Lines Stmts  %   Files
----- ----- ---  -----
   52    22 100  main.c
   17     0   0  main.h
  313     0   0  C:\Program Files (x86)\PICC\devices\16F877A.h
----- -----
  382    22 Total

Page ROM  %  RAM   Vol Diff  Functions:
---- --- --- ---   --- ----  ----------
0     19  12   0   143  3.0  timer1_kesme
0     86  54   0   310  2.8  MAIN

Program metrics:
    Functions               2
    Statements              22
    Comments                77
    Volume (V)              539
    Difficilty (D)          5.9
    Effort to implement (E) 3192
    Time to implement (T)   3 minutes
    Est Delivered Bugs (B)  0
    Cyclomatic Complexity   2
    Maintainability (MI)    93

 Segment     Used  Free
-----------  ----  ----
00000-00003     4  0  
00004-00034    49  0  
00035-007FF   105  1890  
00800-00FFF     0  2048  
01000-017FF     0  2048  
01800-01FFF     0  2048  



