
ROM used: 160 (2%)
          160 (2%) including unused fragments

          0 Average locations per line
          7 Average locations per statement

RAM used: 16 (4%) at main() level
          16 (4%) worst case

Stack used: 1 worst case (out of 7 total available)

Lines Stmts  %   Files
----- ----- ---  -----
   46    24 100  Timer0 Uygulamasý-1.c
   17     0   0  Timer0 Uygulamasý-1.h
  313     0   0  ..\..\..\..\..\Program Files (x86)\PICC\devices\16F877A.h
----- -----
  376    24 Total

Page ROM  %  RAM   Vol Diff  Functions:
---- --- --- ---   --- ----  ----------
0     17  11   0   143  3.0  timer0_kesme
0     92  58   0   375  2.8  MAIN

Program metrics:
    Functions               2
    Statements              24
    Comments                78
    Volume (V)              610
    Difficilty (D)          6.0
    Effort to implement (E) 3646
    Time to implement (T)   3 minutes
    Est Delivered Bugs (B)  0
    Cyclomatic Complexity   2
    Maintainability (MI)    88

 Segment     Used  Free
-----------  ----  ----
00000-00003     4  0  
00004-00032    47  0  
00033-007FF   109  1888  
00800-00FFF     0  2048  
01000-017FF     0  2048  
01800-01FFF     0  2048  



