
ROM used: 59 (1%)
          59 (1%) including unused fragments

          0 Average locations per line
          4 Average locations per statement

RAM used: 8 (2%) at main() level
          8 (2%) worst case

Stack used: 0 worst case (out of 8 total available)

Lines Stmts  %   Files
----- ----- ---  -----
   47    15 100  Port Okuma ve Porta Bilgi Gönderme.c
  285     0   0  C:\Program Files (x86)\PICC\devices\16f877.h
----- -----
  332    15 Total

Page ROM  %  RAM   Vol Diff  Functions:
---- --- --- ---   --- ----  ----------
0     55  93   0   354  3.8  main

Program metrics:
    Functions               1
    Statements              15
    Comments                99
    Volume (V)              354
    Difficilty (D)          3.8
    Effort to implement (E) 1329
    Time to implement (T)   1 minutes
    Est Delivered Bugs (B)  0
    Cyclomatic Complexity   1
    Maintainability (MI)    111

 Segment     Used  Free
-----------  ----  ----
00000-00003     4  0  
00004-007FF    55  1989  
00800-00FFF     0  2048  
01000-017FF     0  2048  
01800-01FFF     0  2048  



