
ROM used: 158 (2%)
          158 (2%) including unused fragments

          0 Average locations per line
          7 Average locations per statement

RAM used: 16 (4%) at main() level
          16 (4%) worst case

Stack used: 1 worst case (out of 7 total available)

Lines Stmts  %   Files
----- ----- ---  -----
   51    24 100  main.c
   17     0   0  main.h
  313     0   0  C:\Program Files (x86)\PICC\devices\16F877A.h
----- -----
  381    24 Total

Page ROM  %  RAM   Vol Diff  Functions:
---- --- --- ---   --- ----  ----------
0     18  11   0   127  3.4  timer0_kesme
0     89  56   0   362  2.8  MAIN

Program metrics:
    Functions               2
    Statements              24
    Comments                80
    Volume (V)              575
    Difficilty (D)          6.4
    Effort to implement (E) 3684
    Time to implement (T)   3 minutes
    Est Delivered Bugs (B)  0
    Cyclomatic Complexity   2
    Maintainability (MI)    83

 Segment     Used  Free
-----------  ----  ----
00000-00003     4  0  
00004-00032    47  0  
00033-007FF   107  1890  
00800-00FFF     0  2048  
01000-017FF     0  2048  
01800-01FFF     0  2048  



