
ROM used: 144 (2%)
          144 (2%) including unused fragments

          0 Average locations per line
          8 Average locations per statement

RAM used: 9 (2%) at main() level
          9 (2%) worst case

Stack used: 1 worst case (out of 8 total available)

Lines Stmts  %   Files
----- ----- ---  -----
   41    17 100  main.c
   17     0   0  main.h
  313     0   0  C:\Program Files (x86)\PICC\devices\16F877A.h
----- -----
  371    17 Total

Page ROM  %  RAM   Vol Diff  Functions:
---- --- --- ---   --- ----  ----------
0     23  16   1             @delay_ms1
0     20  14   0             @const60
0     97  67   1   444  5.2  main

Program metrics:
    Functions               1
    Statements              17
    Comments                75
    Volume (V)              448
    Difficilty (D)          5.0
    Effort to implement (E) 2218
    Time to implement (T)   2 minutes
    Est Delivered Bugs (B)  0
    Cyclomatic Complexity   1
    Maintainability (MI)    131

 Segment     Used  Free
-----------  ----  ----
00000-00003     4  0  
00004-007FF   140  1904  
00800-00FFF     0  2048  
01000-017FF     0  2048  
01800-01FFF     0  2048  



