
ROM used: 437 (5%)
          437 (5%) including unused fragments

          1 Average locations per line
          5 Average locations per statement

RAM used: 8 (2%) at main() level
          20 (5%) worst case

Stack used: 4 worst case (out of 8 total available)

Lines Stmts  %   Files
----- ----- ---  -----
   56    26  29  pwm ile dc motor kontrolu.c
  313     0   0  ..\..\..\..\Program Files (x86)\PICC\devices\16f877a.h
  180    63  71  ..\..\..\..\Program Files (x86)\PICC\drivers\lcd.c
----- -----
  549    89 Total

Page ROM  %  RAM   Vol Diff  Functions:
---- --- --- ---   --- ----  ----------
0     21   5   1             @delay_ms1
0      8   2   0             @const64
 Inline        3   463  4.3  lcd_read_byte
0     12   3   1   134  2.2  lcd_send_nibble
0     58  13   3   317  4.3  lcd_send_byte
0     44  10   2   422  4.7  lcd_init
 Inline        4   186  5.5  lcd_gotoxy
0     53  12   1   272  4.1  lcd_putc
0    118  27   1   672  3.8  MAIN
0     27   6   0             @const93
0     16   4   0             @const94
0     21   5   3             @DIV88
0     55  13   2             @PRINTF_U_84

Program metrics:
    Functions               7
    Statements              89
    Comments                130
    Volume (V)              3703
    Difficilty (D)          28.1
    Effort to implement (E) 104032
    Time to implement (T)   1 hours, 36 minutes
    Est Delivered Bugs (B)  1
    Cyclomatic Complexity   8
    Maintainability (MI)    116

 Segment     Used  Free
-----------  ----  ----
00000-00003     4  0  
00004-007FF   433  1611  
00800-00FFF     0  2048  
01000-017FF     0  2048  
01800-01FFF     0  2048  



