
ROM used: 192 (2%)
          192 (2%) including unused fragments

          0 Average locations per line
          5 Average locations per statement

RAM used: 8 (2%) at main() level
          9 (2%) worst case

Stack used: 1 worst case (out of 8 total available)

Lines Stmts  %   Files
----- ----- ---  -----
   76    42 100  main.c
   17     0   0  main.h
  313     0   0  C:\Program Files (x86)\PICC\devices\16F877A.h
----- -----
  406    42 Total

Page ROM  %  RAM   Vol Diff  Functions:
---- --- --- ---   --- ----  ----------
0     21  11   1             @delay_ms1
0    167  87   0  1017  4.4  main

Program metrics:
    Functions               1
    Statements              42
    Comments                75
    Volume (V)              1020
    Difficilty (D)          4.3
    Effort to implement (E) 4404
    Time to implement (T)   4 minutes
    Est Delivered Bugs (B)  0
    Cyclomatic Complexity   6
    Maintainability (MI)    111

 Segment     Used  Free
-----------  ----  ----
00000-00003     4  0  
00004-007FF   188  1856  
00800-00FFF     0  2048  
01000-017FF     0  2048  
01800-01FFF     0  2048  



