
ROM used: 58 (1%)
          58 (1%) including unused fragments

          0 Average locations per line
          4 Average locations per statement

RAM used: 7 (2%) at main() level
          7 (2%) worst case

Stack used: 0 worst case (out of 8 total available)

Lines Stmts  %   Files
----- ----- ---  -----
   27    13 100  rs232.c
  313     0   0  C:\Program Files (x86)\PICC\devices\16f877a.h
----- -----
  340    13 Total

Page ROM  %  RAM   Vol Diff  Functions:
---- --- --- ---   --- ----  ----------
0     54  93   0   212  3.1  main

Program metrics:
    Functions               1
    Statements              13
    Comments                75
    Volume (V)              212
    Difficilty (D)          3.1
    Effort to implement (E) 662
    Time to implement (T)   1 minutes
    Est Delivered Bugs (B)  0
    Cyclomatic Complexity   3
    Maintainability (MI)    138

 Segment     Used  Free
-----------  ----  ----
00000-00003     4  0  
00004-007FF    54  1990  
00800-00FFF     0  2048  
01000-017FF     0  2048  
01800-01FFF     0  2048  



