CCS PCM C Compiler, Version 4.074, 49549               02-Eki-12 16:37

               Filename: E:\DONANIM_PROJE\PÝC C\12\kod\13.ders\rs232.lst

               ROM used: 58 words (1%)
                         Largest free fragment is 2048
               RAM used: 7 (2%) at main() level
                         7 (2%) worst case
               Stack:    0 locations

*
0000:  MOVLW  00
0001:  MOVWF  0A
0002:  GOTO   004
0003:  NOP
.................... #include <16f877a.h> 
.................... //////// Standard Header file for the PIC16F877A device //////////////// 
.................... #device PIC16F877A 
.................... #list 
....................  
.................... #fuses  xt,nowdt,nobrownout,noput,noprotect,nodebug,nolvp,nocpd,nowrt 
.................... #use delay(clock=4M) 
.................... #use rs232(baud=9600,xmit=pin_c6,rcv=pin_c7,parity=N,stop=1) 
.................... int veri; 
.................... void main() 
.................... { 
0004:  CLRF   04
0005:  BCF    03.7
0006:  MOVLW  1F
0007:  ANDWF  03,F
0008:  MOVLW  19
0009:  BSF    03.5
000A:  MOVWF  19
000B:  MOVLW  A6
000C:  MOVWF  18
000D:  MOVLW  90
000E:  BCF    03.5
000F:  MOVWF  18
0010:  BSF    03.5
0011:  BSF    1F.0
0012:  BSF    1F.1
0013:  BSF    1F.2
0014:  BCF    1F.3
0015:  MOVLW  07
0016:  MOVWF  1C
.................... while(1) 
.................... { 
.................... veri=getch(); 
0017:  BCF    03.5
0018:  BTFSS  0C.5
0019:  GOTO   018
001A:  MOVF   1A,W
001B:  MOVWF  20
.................... if(veri=='b') 
001C:  MOVF   20,W
001D:  SUBLW  62
001E:  BTFSS  03.2
001F:  GOTO   024
.................... { 
.................... output_high(pin_B0); 
0020:  BSF    03.5
0021:  BCF    06.0
0022:  BCF    03.5
0023:  BSF    06.0
.................... } 
.................... if(veri=='i') 
0024:  MOVF   20,W
0025:  SUBLW  69
0026:  BTFSS  03.2
0027:  GOTO   02C
.................... { 
.................... output_high(pin_B1); 
0028:  BSF    03.5
0029:  BCF    06.1
002A:  BCF    03.5
002B:  BSF    06.1
.................... } 
.................... if(veri=='s') 
002C:  MOVF   20,W
002D:  SUBLW  73
002E:  BTFSS  03.2
002F:  GOTO   038
.................... { 
.................... output_low(pin_B0); 
0030:  BSF    03.5
0031:  BCF    06.0
0032:  BCF    03.5
0033:  BCF    06.0
.................... output_low(pin_B1); 
0034:  BSF    03.5
0035:  BCF    06.1
0036:  BCF    03.5
0037:  BCF    06.1
.................... } 
.................... } 
0038:  GOTO   018
....................  
.................... } 
0039:  SLEEP

Configuration Fuses:
   Word  1: 3F39   XT NOWDT NOPUT NODEBUG NOPROTECT NOBROWNOUT NOLVP NOCPD NOWRT
