
ROM used: 1417 (17%)
          1417 (17%) including unused fragments

          3 Average locations per line
          18 Average locations per statement

RAM used: 19 (5%) at main() level
          42 (11%) worst case

Stack used: 5 worst case (out of 8 total available)

Lines Stmts  %   Files
----- ----- ---  -----
   36    17  21  lm35.c
  313     0   0  ..\..\..\..\Program Files (x86)\PICC\devices\16f877a.h
  180    63  79  ..\..\..\..\Program Files (x86)\PICC\drivers\lcd.c
----- -----
  529    80 Total

Page ROM  %  RAM   Vol Diff  Functions:
---- --- --- ---   --- ----  ----------
0     21   1   1             @delay_ms1
0      8   1   0             @const64
 Inline        3   463  4.3  lcd_read_byte
0     12   1   1   134  2.2  lcd_send_nibble
0     58   4   3   317  4.3  lcd_send_byte
0     44   3   2   422  4.7  lcd_init
0     18   1   4   186  5.5  lcd_gotoxy
0     37   3   1   272  4.1  lcd_putc
0    215  15   4   532  4.1  MAIN
0     15   1   0             @const95
0     31   2   2             @ITOF
0    117   8  13             @MULFF
0    204  14  14             @DIVFF
0    323  23  16             @ADDFF
 Inline        5             @FTOSD
0     66   5  13             @DIV3232
0    231  16  13             @PRINTF_L32D_84FPFPF
0     13   1   0             @const116

Program metrics:
    Functions               7
    Statements              80
    Comments                127
    Volume (V)              3531
    Difficilty (D)          27.7
    Effort to implement (E) 97681
    Time to implement (T)   1 hours, 30 minutes
    Est Delivered Bugs (B)  1
    Cyclomatic Complexity   7
    Maintainability (MI)    114

 Segment     Used  Free
-----------  ----  ----
00000-00003     4  0  
00004-007FF  1413  631  
00800-00FFF     0  2048  
01000-017FF     0  2048  
01800-01FFF     0  2048  



