
ROM used: 137 (2%)
          137 (2%) including unused fragments

          0 Average locations per line
          7 Average locations per statement

RAM used: 7 (2%) at main() level
          8 (2%) worst case

Stack used: 1 worst case (out of 8 total available)

Lines Stmts  %   Files
----- ----- ---  -----
   36    21 100  main.c
   17     0   0  main.h
  313     0   0  ..\..\..\..\Program Files (x86)\PICC\devices\16F877A.h
----- -----
  366    21 Total

Page ROM  %  RAM   Vol Diff  Functions:
---- --- --- ---   --- ----  ----------
0     21  15   1             @delay_ms1
0    112  82   0   497  2.9  main

Program metrics:
    Functions               1
    Statements              21
    Comments                75
    Volume (V)              499
    Difficilty (D)          2.8
    Effort to implement (E) 1398
    Time to implement (T)   1 minutes
    Est Delivered Bugs (B)  0
    Cyclomatic Complexity   1
    Maintainability (MI)    127

 Segment     Used  Free
-----------  ----  ----
00000-00003     4  0  
00004-007FF   133  1911  
00800-00FFF     0  2048  
01000-017FF     0  2048  
01800-01FFF     0  2048  



